[    0.000000] Linux version 4.15.0-212-generic (buildd@lcy02-amd64-083) (gcc version 7.5.0 (Ubuntu 7.5.0-3ubuntu1~18.04)) #223-Ubuntu SMP Tue May 23 13:09:22 UTC 2023 (Ubuntu 4.15.0-212.223-generic 4.15.18)
[    0.000000] Command line: BOOT_IMAGE=/boot/vmlinuz-4.15.0-212-generic root=LABEL=cloudimg-rootfs ro console=tty1 console=ttyS0
[    0.000000] KERNEL supported cpus:
[    0.000000]   Intel GenuineIntel
[    0.000000]   AMD AuthenticAMD
[    0.000000]   Centaur CentaurHauls
[    0.000000] x86/fpu: x87 FPU will use FXSAVE
[    0.000000] e820: BIOS-provided physical RAM map:
[    0.000000] BIOS-e820: [mem 0x0000000000000000-0x000000000009fbff] usable
[    0.000000] BIOS-e820: [mem 0x000000000009fc00-0x000000000009ffff] reserved
[    0.000000] BIOS-e820: [mem 0x00000000000f0000-0x00000000000fffff] reserved
[    0.000000] BIOS-e820: [mem 0x0000000000100000-0x000000003ffeffff] usable
[    0.000000] BIOS-e820: [mem 0x000000003fff0000-0x000000003fffffff] ACPI data
[    0.000000] BIOS-e820: [mem 0x00000000fec00000-0x00000000fec00fff] reserved
[    0.000000] BIOS-e820: [mem 0x00000000fee00000-0x00000000fee00fff] reserved
[    0.000000] BIOS-e820: [mem 0x00000000fffc0000-0x00000000ffffffff] reserved
[    0.000000] NX (Execute Disable) protection: active
[    0.000000] SMBIOS 2.5 present.
[    0.000000] DMI: innotek GmbH VirtualBox/VirtualBox, BIOS VirtualBox 12/01/2006
[    0.000000] Hypervisor detected: KVM
[    0.000000] e820: last_pfn = 0x3fff0 max_arch_pfn = 0x400000000
[    0.000000] x86/PAT: Configuration [0-7]: WB  WC  UC- UC  WB  WP  UC- WT  
[    0.000000] CPU MTRRs all blank - virtualized system.
[    0.000000] found SMP MP-table at [mem 0x0009fbf0-0x0009fbff]
[    0.000000] Scanning 1 areas for low memory corruption
[    0.000000] RAMDISK: [mem 0x359cb000-0x36cdcfff]
[    0.000000] ACPI: Early table checksum verification disabled
[    0.000000] ACPI: RSDP 0x00000000000E0000 000024 (v02 VBOX  )
[    0.000000] ACPI: XSDT 0x000000003FFF0030 00003C (v01 VBOX   VBOXXSDT 00000001 ASL  00000061)
[    0.000000] ACPI: FACP 0x000000003FFF00F0 0000F4 (v04 VBOX   VBOXFACP 00000001 ASL  00000061)
[    0.000000] ACPI: DSDT 0x000000003FFF0610 002353 (v02 VBOX   VBOXBIOS 00000002 INTL 20100528)
[    0.000000] ACPI: FACS 0x000000003FFF0200 000040
[    0.000000] ACPI: FACS 0x000000003FFF0200 000040
[    0.000000] ACPI: APIC 0x000000003FFF0240 00005C (v02 VBOX   VBOXAPIC 00000001 ASL  00000061)
[    0.000000] ACPI: SSDT 0x000000003FFF02A0 00036C (v01 VBOX   VBOXCPUT 00000002 INTL 20100528)
[    0.000000] ACPI: Reserving FACP table memory at [mem 0x3fff00f0-0x3fff01e3]
[    0.000000] ACPI: Reserving DSDT table memory at [mem 0x3fff0610-0x3fff2962]
[    0.000000] ACPI: Reserving FACS table memory at [mem 0x3fff0200-0x3fff023f]
[    0.000000] ACPI: Reserving FACS table memory at [mem 0x3fff0200-0x3fff023f]
[    0.000000] ACPI: Reserving APIC table memory at [mem 0x3fff0240-0x3fff029b]
[    0.000000] ACPI: Reserving SSDT table memory at [mem 0x3fff02a0-0x3fff060b]
[    0.000000] No NUMA configuration found
[    0.000000] Faking a node at [mem 0x0000000000000000-0x000000003ffeffff]
[    0.000000] NODE_DATA(0) allocated [mem 0x3ffc5000-0x3ffeffff]
[    0.000000] kvm-clock: cpu 0, msr 0:3ff44001, primary cpu clock
[    0.000000] kvm-clock: Using msrs 4b564d01 and 4b564d00
[    0.000000] kvm-clock: using sched offset of 3625941713 cycles
[    0.000000] clocksource: kvm-clock: mask: 0xffffffffffffffff max_cycles: 0x1cd42e4dffb, max_idle_ns: 881590591483 ns
[    0.000000] Zone ranges:
[    0.000000]   DMA      [mem 0x0000000000001000-0x0000000000ffffff]
[    0.000000]   DMA32    [mem 0x0000000001000000-0x000000003ffeffff]
[    0.000000]   Normal   empty
[    0.000000]   Device   empty
[    0.000000] Movable zone start for each node
[    0.000000] Early memory node ranges
[    0.000000]   node   0: [mem 0x0000000000001000-0x000000000009efff]
[    0.000000]   node   0: [mem 0x0000000000100000-0x000000003ffeffff]
[    0.000000] Reserved but unavailable: 104 pages
[    0.000000] Initmem setup node 0 [mem 0x0000000000001000-0x000000003ffeffff]
[    0.000000] ACPI: PM-Timer IO Port: 0x4008
[    0.000000] IOAPIC[0]: apic_id 2, version 32, address 0xfec00000, GSI 0-23
[    0.000000] ACPI: INT_SRC_OVR (bus 0 bus_irq 0 global_irq 2 dfl dfl)
[    0.000000] ACPI: INT_SRC_OVR (bus 0 bus_irq 9 global_irq 9 low level)
[    0.000000] Using ACPI (MADT) for SMP configuration information
[    0.000000] smpboot: Allowing 2 CPUs, 0 hotplug CPUs
[    0.000000] PM: Registered nosave memory: [mem 0x00000000-0x00000fff]
[    0.000000] PM: Registered nosave memory: [mem 0x0009f000-0x0009ffff]
[    0.000000] PM: Registered nosave memory: [mem 0x000a0000-0x000effff]
[    0.000000] PM: Registered nosave memory: [mem 0x000f0000-0x000fffff]
[    0.000000] e820: [mem 0x40000000-0xfebfffff] available for PCI devices
[    0.000000] Booting paravirtualized kernel on KVM
[    0.000000] clocksource: refined-jiffies: mask: 0xffffffff max_cycles: 0xffffffff, max_idle_ns: 7645519600211568 ns
[    0.000000] setup_percpu: NR_CPUS:8192 nr_cpumask_bits:2 nr_cpu_ids:2 nr_node_ids:1
[    0.000000] percpu: Embedded 50 pages/cpu s167936 r8192 d28672 u1048576
[    0.000000] PV qspinlock hash table entries: 256 (order: 0, 4096 bytes)
[    0.000000] Built 1 zonelists, mobility grouping on.  Total pages: 257913
[    0.000000] Policy zone: DMA32
[    0.000000] Kernel command line: BOOT_IMAGE=/boot/vmlinuz-4.15.0-212-generic root=LABEL=cloudimg-rootfs ro console=tty1 console=ttyS0
[    0.000000] Memory: 982644K/1048120K available (12300K kernel code, 2477K rwdata, 4324K rodata, 2480K init, 2720K bss, 65476K reserved, 0K cma-reserved)
[    0.000000] SLUB: HWalign=64, Order=0-3, MinObjects=0, CPUs=2, Nodes=1
[    0.000000] ftrace: allocating 39508 entries in 155 pages
[    0.004000] Hierarchical RCU implementation.
[    0.004000] 	RCU restricting CPUs from NR_CPUS=8192 to nr_cpu_ids=2.
[    0.004000] 	Tasks RCU enabled.
[    0.004000] RCU: Adjusting geometry for rcu_fanout_leaf=16, nr_cpu_ids=2
[    0.004000] NR_IRQS: 524544, nr_irqs: 440, preallocated irqs: 16
[    0.004000] random: crng init done
[    0.004000] Console: colour VGA+ 80x25
[    0.004000] console [tty1] enabled
[    0.004000] console [ttyS0] enabled
[    0.004000] ACPI: Core revision 20170831
[    0.004000] ACPI: 2 ACPI AML tables successfully acquired and loaded
[    0.004000] APIC: Switch to symmetric I/O mode setup
[    0.004000] ..TIMER: vector=0x30 apic1=0 pin1=2 apic2=-1 pin2=-1
[    0.004006] tsc: Detected 2687.998 MHz processor
[    0.008010] Calibrating delay loop (skipped) preset value.. 5375.99 BogoMIPS (lpj=10751992)
[    0.012004] pid_max: default: 32768 minimum: 301
[    0.016085] Security Framework initialized
[    0.020003] Yama: becoming mindful.
[    0.022556] AppArmor: AppArmor initialized
[    0.028573] Dentry cache hash table entries: 131072 (order: 8, 1048576 bytes)
[    0.033447] Inode-cache hash table entries: 65536 (order: 7, 524288 bytes)
[    0.036092] Mount-cache hash table entries: 2048 (order: 2, 16384 bytes)
[    0.040063] Mountpoint-cache hash table entries: 2048 (order: 2, 16384 bytes)
[    0.045691] Last level iTLB entries: 4KB 0, 2MB 0, 4MB 0
[    0.048003] Last level dTLB entries: 4KB 0, 2MB 0, 4MB 0, 1GB 0
[    0.052004] Spectre V1 : Mitigation: usercopy/swapgs barriers and __user pointer sanitization
[    0.056002] Spectre V2 : Mitigation: Enhanced IBRS
[    0.059014] Spectre V2 : Spectre v2 / SpectreRSB mitigation: Filling RSB on context switch
[    0.060003] Spectre V2 : Spectre v2 / PBRSB-eIBRS: Retire a single CALL on VMEXIT
[    0.064003] RETBleed: Mitigation: Enhanced IBRS
[    0.067036] Speculative Store Bypass: Vulnerable
[    0.068161] Freeing SMP alternatives memory: 36K
[    0.184402] smpboot: CPU0: 11th Gen Intel(R) Core(TM) i5-11400H @ 2.70GHz (family: 0x6, model: 0x8d, stepping: 0x1)
[    0.188346] Performance Events: unsupported p6 CPU model 141 no PMU driver, software events only.
[    0.192124] Hierarchical SRCU implementation.
[    0.196034] NMI watchdog: Perf event create on CPU 0 failed with -2
[    0.199932] NMI watchdog: Perf NMI watchdog permanently disabled
[    0.200312] smp: Bringing up secondary CPUs ...
[    0.204674] x86: Booting SMP configuration:
[    0.208002] .... node  #0, CPUs:      #1
[    0.004000] kvm-clock: cpu 1, msr 0:3ff44041, secondary cpu clock
[    0.219865] TSC synchronization [CPU#0 -> CPU#1]:
[    0.220000] Measured 64745 cycles TSC warp between CPUs, turning off TSC clock.
[    0.220000] tsc: Marking TSC unstable due to check_tsc_sync_source failed
[    0.224083] smp: Brought up 1 node, 2 CPUs
[    0.226936] smpboot: Max logical packages: 1
[    0.228005] smpboot: Total of 2 processors activated (10751.99 BogoMIPS)
[    0.236429] devtmpfs: initialized
[    0.238261] x86/mm: Memory block size: 128MB
[    0.240414] evm: security.selinux
[    0.244002] evm: security.SMACK64
[    0.246262] evm: security.SMACK64EXEC
[    0.248005] evm: security.SMACK64TRANSMUTE
[    0.252001] evm: security.SMACK64MMAP
[    0.254300] evm: security.apparmor
[    0.256003] evm: security.ima
[    0.257865] evm: security.capability
[    0.260316] clocksource: jiffies: mask: 0xffffffff max_cycles: 0xffffffff, max_idle_ns: 7645041785100000 ns
[    0.264015] futex hash table entries: 512 (order: 3, 32768 bytes)
[    0.268000] pinctrl core: initialized pinctrl subsystem
[    0.268403] RTC time:  1:27:17, date: 11/11/24
[    0.272854] NET: Registered protocol family 16
[    0.276110] audit: initializing netlink subsys (disabled)
[    0.280181] audit: type=2000 audit(1731288442.208:1): state=initialized audit_enabled=0 res=1
[    0.288006] cpuidle: using governor ladder
[    0.290765] cpuidle: using governor menu
[    0.292070] ACPI: bus type PCI registered
[    0.296003] acpiphp: ACPI Hot Plug PCI Controller Driver version: 0.5
[    0.300395] PCI: Using configuration type 1 for base access
[    0.308208] HugeTLB registered 2.00 MiB page size, pre-allocated 0 pages
[    0.316031] ACPI: Added _OSI(Module Device)
[    0.318895] ACPI: Added _OSI(Processor Device)
[    0.320004] ACPI: Added _OSI(3.0 _SCP Extensions)
[    0.324002] ACPI: Added _OSI(Processor Aggregator Device)
[    0.327439] ACPI: Added _OSI(Linux-Dell-Video)
[    0.328003] ACPI: Added _OSI(Linux-Lenovo-NV-HDMI-Audio)
[    0.332002] ACPI: Added _OSI(Linux-HPI-Hybrid-Graphics)
[    0.336437] ACPI: Executed 1 blocks of module-level executable AML code
[    0.343872] ACPI: Interpreter enabled
[    0.344012] ACPI: (supports S0 S5)
[    0.348004] ACPI: Using IOAPIC for interrupt routing
[    0.351584] PCI: Using host bridge windows from ACPI; if necessary, use "pci=nocrs" and report a bug
[    0.352212] ACPI: Enabled 2 GPEs in block 00 to 07
[    0.362921] ACPI: PCI Root Bridge [PCI0] (domain 0000 [bus 00-ff])
[    0.364009] acpi PNP0A03:00: _OSC: OS supports [ASPM ClockPM Segments MSI]
[    0.368709] acpi PNP0A03:00: _OSC: not requesting OS control; OS requires [ExtendedConfig ASPM ClockPM MSI]
[    0.372011] acpi PNP0A03:00: fail to add MMCONFIG information, can't access extended PCI configuration space under this bridge.
[    0.376592] PCI host bridge to bus 0000:00
[    0.380004] pci_bus 0000:00: root bus resource [io  0x0000-0x0cf7 window]
[    0.384004] pci_bus 0000:00: root bus resource [io  0x0d00-0xffff window]
[    0.388002] pci_bus 0000:00: root bus resource [mem 0x000a0000-0x000bffff window]
[    0.392009] pci_bus 0000:00: root bus resource [mem 0x40000000-0xfdffffff window]
[    0.396004] pci_bus 0000:00: root bus resource [bus 00-ff]
[    0.403813] pci 0000:00:01.1: legacy IDE quirk: reg 0x10: [io  0x01f0-0x01f7]
[    0.404004] pci 0000:00:01.1: legacy IDE quirk: reg 0x14: [io  0x03f6]
[    0.408002] pci 0000:00:01.1: legacy IDE quirk: reg 0x18: [io  0x0170-0x0177]
[    0.412003] pci 0000:00:01.1: legacy IDE quirk: reg 0x1c: [io  0x0376]
[    0.436006] pci 0000:00:07.0: quirk: [io  0x4000-0x403f] claimed by PIIX4 ACPI
[    0.440030] pci 0000:00:07.0: quirk: [io  0x4100-0x410f] claimed by PIIX4 SMB
[    0.450809] ACPI: PCI Interrupt Link [LNKA] (IRQs 5 9 10 *11)
[    0.452450] ACPI: PCI Interrupt Link [LNKB] (IRQs 5 9 *10 11)
[    0.456191] ACPI: PCI Interrupt Link [LNKC] (IRQs 5 *9 10 11)
[    0.460165] ACPI: PCI Interrupt Link [LNKD] (IRQs 5 9 10 *11)
[    0.464655] SCSI subsystem initialized
[    0.468176] pci 0000:00:02.0: vgaarb: setting as boot VGA device
[    0.471765] pci 0000:00:02.0: vgaarb: VGA device added: decodes=io+mem,owns=io+mem,locks=none
[    0.472008] pci 0000:00:02.0: vgaarb: bridge control possible
[    0.476003] vgaarb: loaded
[    0.477808] ACPI: bus type USB registered
[    0.480022] usbcore: registered new interface driver usbfs
[    0.484049] usbcore: registered new interface driver hub
[    0.488011] usbcore: registered new device driver usb
[    0.492210] EDAC MC: Ver: 3.0.0
[    0.496264] PCI: Using ACPI for IRQ routing
[    0.500528] NetLabel: Initializing
[    0.502815] NetLabel:  domain hash size = 128
[    0.504002] NetLabel:  protocols = UNLABELED CIPSOv4 CALIPSO
[    0.508018] NetLabel:  unlabeled traffic allowed by default
[    0.512604] clocksource: Switched to clocksource kvm-clock
[    0.519695] VFS: Disk quotas dquot_6.6.0
[    0.519695] VFS: Dquot-cache hash table entries: 512 (order 0, 4096 bytes)
[    0.519695] AppArmor: AppArmor Filesystem Enabled
[    0.519695] pnp: PnP ACPI init
[    0.519695] pnp: PnP ACPI: found 3 devices
[    0.592309] clocksource: acpi_pm: mask: 0xffffff max_cycles: 0xffffff, max_idle_ns: 2085701024 ns
[    0.596263] NET: Registered protocol family 2
[    0.596263] IP idents hash table entries: 16384 (order: 5, 131072 bytes)
[    0.605846] TCP established hash table entries: 8192 (order: 4, 65536 bytes)
[    0.611101] TCP bind hash table entries: 8192 (order: 5, 131072 bytes)
[    0.615697] TCP: Hash tables configured (established 8192 bind 8192)
[    0.619341] UDP hash table entries: 512 (order: 2, 16384 bytes)
[    0.619341] UDP-Lite hash table entries: 512 (order: 2, 16384 bytes)
[    0.619341] NET: Registered protocol family 1
[    0.619341] pci 0000:00:00.0: Limiting direct PCI/PCI transfers
[    0.619341] pci 0000:00:01.0: Activating ISA DMA hang workarounds
[    0.619341] pci 0000:00:02.0: Video device with shadowed ROM at [mem 0x000c0000-0x000dffff]
[    0.619341] Unpacking initramfs...
[    1.014272] Freeing initrd memory: 19528K
[    1.017731] clocksource: tsc: mask: 0xffffffffffffffff max_cycles: 0x26bef4a354e, max_idle_ns: 440795213564 ns
[    1.025585] platform rtc_cmos: registered platform RTC device (no PNP device found)
[    1.031172] Scanning for low memory corruption every 60 seconds
[    1.037275] Initialise system trusted keyrings
[    1.040295] Key type blacklist registered
[    1.043734] workingset: timestamp_bits=36 max_order=18 bucket_order=0
[    1.050504] zbud: loaded
[    1.053577] squashfs: version 4.0 (2009/01/31) Phillip Lougher
[    1.058347] fuse init (API version 7.26)
[    1.079617] Key type asymmetric registered
[    1.082837] Asymmetric key parser 'x509' registered
[    1.086193] Block layer SCSI generic (bsg) driver version 0.4 loaded (major 246)
[    1.091993] io scheduler noop registered
[    1.094863] io scheduler deadline registered
[    1.098284] io scheduler cfq registered (default)
[    1.102528] ACPI: AC Adapter [AC] (on-line)
[    1.106073] input: Power Button as /devices/LNXSYSTM:00/LNXPWRBN:00/input/input0
[    1.112284] ACPI: Power Button [PWRF]
[    1.114910] input: Sleep Button as /devices/LNXSYSTM:00/LNXSLPBN:00/input/input1
[    1.120521] ACPI: Sleep Button [SLPF]
[    1.125264] ACPI: Battery Slot [BAT0] (battery present)
[    1.128304] Serial: 8250/16550 driver, 32 ports, IRQ sharing enabled
[    1.160710] 00:02: ttyS0 at I/O 0x3f8 (irq = 4, base_baud = 115200) is a 16550A
[    1.167706] Linux agpgart interface v0.103
[    1.175706] loop: module loaded
[    1.182116] scsi host0: ata_piix
[    1.186075] scsi host1: ata_piix
[    1.189307] ata1: PATA max UDMA/33 cmd 0x1f0 ctl 0x3f6 bmdma 0xd000 irq 14
[    1.194722] ata2: PATA max UDMA/33 cmd 0x170 ctl 0x376 bmdma 0xd008 irq 15
[    1.200589] tun: Universal TUN/TAP device driver, 1.6
[    1.205555] PPP generic driver version 2.4.2
[    1.209097] ehci_hcd: USB 2.0 'Enhanced' Host Controller (EHCI) Driver
[    1.214013] ehci-pci: EHCI PCI platform driver
[    1.217587] ehci-platform: EHCI generic platform driver
[    1.221396] ohci_hcd: USB 1.1 'Open' Host Controller (OHCI) Driver
[    1.225573] ohci-pci: OHCI PCI platform driver
[    1.228977] ohci-platform: OHCI generic platform driver
[    1.232644] uhci_hcd: USB Universal Host Controller Interface driver
[    1.236969] i8042: PNP: PS/2 Controller [PNP0303:PS2K,PNP0f03:PS2M] at 0x60,0x64 irq 1,12
[    1.244787] serio: i8042 KBD port at 0x60,0x64 irq 1
[    1.248393] serio: i8042 AUX port at 0x60,0x64 irq 12
[    1.252048] mousedev: PS/2 mouse device common for all mice
[    1.257263] input: AT Translated Set 2 keyboard as /devices/platform/i8042/serio0/input/input2
[    1.264813] rtc_cmos rtc_cmos: rtc core: registered rtc_cmos as rtc0
[    1.269463] rtc_cmos rtc_cmos: alarms up to one day, 114 bytes nvram
[    1.273357] i2c /dev entries driver
[    1.275620] device-mapper: uevent: version 1.0.3
[    1.279123] device-mapper: ioctl: 4.37.0-ioctl (2017-09-20) initialised: dm-devel@redhat.com
[    1.284482] ledtrig-cpu: registered to indicate activity on CPUs
[    1.290795] NET: Registered protocol family 10
[    1.302957] Segment Routing with IPv6
[    1.305414] NET: Registered protocol family 17
[    1.309235] Key type dns_resolver registered
[    1.312670] mce: Using 0 MCE banks
[    1.314864] RAS: Correctable Errors collector initialized.
[    1.318367] sched_clock: Marking stable (1318312085, 0)->(1816906184, -498594099)
[    1.326637] registered taskstats version 1
[    1.329396] Loading compiled-in X.509 certificates
[    1.336005] Loaded X.509 cert 'Build time autogenerated kernel key: b5b26778eaa3ab3a4a6cee031137706e947d12ad'
[    1.342469] Loaded X.509 cert 'Canonical Ltd. Live Patch Signing: 14df34d1a87cf37625abec039ef2bf521249b969'
[    1.348724] Loaded X.509 cert 'Canonical Ltd. Kernel Module Signing: 88f752e560a1e0737e31163a466ad7b70a850c19'
[    1.354876] blacklist: Loading compiled-in revocation X.509 certificates
[    1.359531] Loaded X.509 cert 'Canonical Ltd. Secure Boot Signing: 61482aa2830d0ab2ad5af10b7250da9033ddcef0'
[    1.372139] Loaded X.509 cert 'Canonical Ltd. Secure Boot Signing (2017): 242ade75ac4a15e50d50c84b0d45ff3eae707a03'
[    1.378408] Loaded X.509 cert 'Canonical Ltd. Secure Boot Signing (ESM 2018): 365188c1d374d6b07c3c8f240f8ef722433d6a8b'
[    1.384925] Loaded X.509 cert 'Canonical Ltd. Secure Boot Signing (2019): c0746fd6c5da3ae827864651ad66ae47fe24b3e8'
[    1.396228] Loaded X.509 cert 'Canonical Ltd. Secure Boot Signing (2021 v1): a8d54bbb3825cfb94fa13c9f8a594a195c107b8d'
[    1.403144] Loaded X.509 cert 'Canonical Ltd. Secure Boot Signing (2021 v2): 4cf046892d6fd3c9a5b03f98d845f90851dc6a8c'
[    1.410167] Loaded X.509 cert 'Canonical Ltd. Secure Boot Signing (2021 v3): 100437bb6de6e469b581e61cd66bce3ef4ed53af'
[    1.417297] Loaded X.509 cert 'Canonical Ltd. Secure Boot Signing (Ubuntu Core 2019): c1d57b8f6b743f23ee41f4f7ee292f06eecadfb9'
[    1.424900] zswap: loaded using pool lzo/zbud
[    1.437670] Key type big_key registered
[    1.440460] Key type trusted registered
[    1.446563] Key type encrypted registered
[    1.449480] AppArmor: AppArmor sha1 policy hashing enabled
[    1.453334] ima: No TPM chip found, activating TPM-bypass! (rc=-19)
[    1.457728] ima: Allocated hash algorithm: sha1
[    1.461169] evm: HMAC attrs: 0x1
[    1.463968]   Magic number: 0:885:457
[    1.467662] rtc_cmos rtc_cmos: setting system clock to 2024-11-11 01:27:18 UTC (1731288438)
[    1.474284] BIOS EDD facility v0.16 2004-Jun-25, 0 devices found
[    1.478636] EDD information not available.
[    1.483933] Freeing unused kernel image memory: 2480K
[    1.504272] Write protecting the kernel read-only data: 20480k
[    1.509170] Freeing unused kernel image memory: 2008K
[    1.513018] Freeing unused kernel image memory: 1820K
[    1.519996] x86/mm: Checked W+X mappings: passed, no W+X pages found.
Loading, please wait...
starting version 237
[    1.581652] e1000: Intel(R) PRO/1000 Network Driver - version 7.3.21-k8-NAPI
[    1.586391] e1000: Copyright (c) 1999-2006 Intel Corporation.
[    1.606489] Fusion MPT base driver 3.04.20
[    1.609830] Copyright (c) 1999-2008 LSI Corporation
[    1.626776] SSE version of gcm_enc/dec engaged.
[    1.635325] Fusion MPT SPI Host driver 3.04.20
[    1.844803] input: ImExPS/2 Generic Explorer Mouse as /devices/platform/i8042/serio1/input/input4
[    2.184654] e1000 0000:00:03.0 eth0: (PCI:33MHz:32-bit) 02:3b:7b:b7:3b:2d
[    2.189830] e1000 0000:00:03.0 eth0: Intel(R) PRO/1000 Network Connection
[    2.195852] mptbase: ioc0: Initiating bringup
[    2.199960] e1000 0000:00:03.0 enp0s3: renamed from eth0
[    2.305862] ioc0: LSI53C1030 A0: Capabilities={Initiator}
[    2.557922] scsi host2: ioc0: LSI53C1030 A0, FwRev=00000000h, Ports=1, MaxQ=256, IRQ=20
[    2.729274] scsi 2:0:0:0: Direct-Access     VBOX     HARDDISK         1.0  PQ: 0 ANSI: 5
[    2.765519] scsi target2:0:0: Beginning Domain Validation
[    2.775461] scsi target2:0:0: Domain Validation skipping write tests
[    2.779941] scsi target2:0:0: Ending Domain Validation
[    2.784119] scsi target2:0:0: asynchronous
[    2.789370] scsi 2:0:1:0: Direct-Access     VBOX     HARDDISK         1.0  PQ: 0 ANSI: 5
[    2.824982] scsi target2:0:1: Beginning Domain Validation
[    2.833893] scsi target2:0:1: Domain Validation skipping write tests
[    2.838110] scsi target2:0:1: Ending Domain Validation
[    2.842213] scsi target2:0:1: asynchronous
[    2.855543] sd 2:0:0:0: Attached scsi generic sg0 type 0
[    2.856211] sd 2:0:0:0: [sda] 83886080 512-byte logical blocks: (42.9 GB/40.0 GiB)
[    2.865040] sd 2:0:1:0: Attached scsi generic sg1 type 0
[    2.865765] sd 2:0:1:0: [sdb] 20480 512-byte logical blocks: (10.5 MB/10.0 MiB)
[    2.869394] sd 2:0:0:0: [sda] Write Protect is off
[    2.874611] sd 2:0:1:0: [sdb] Write Protect is off
[    2.881994] sd 2:0:0:0: [sda] Incomplete mode parameter data
[    2.886489] sd 2:0:0:0: [sda] Assuming drive cache: write through
[    2.890492] sd 2:0:1:0: [sdb] Incomplete mode parameter data
[    2.894099] sd 2:0:1:0: [sdb] Assuming drive cache: write through
[    2.902346]  sda: sda1
[    2.906913] sd 2:0:0:0: [sda] Attached SCSI disk
[    2.910360] sd 2:0:1:0: [sdb] Attached SCSI disk
Begin: Loading essential drivers ... [  342.983997] watchdog: BUG: soft lockup - CPU#1 stuck for 316s! [modprobe:272]
[  342.984012] INFO: rcu_sched detected stalls on CPUs/tasks:
[  342.989032] Modules linked in: raid6_pq(+) libcrc32c raid1 raid0 multipath linear mptspi scsi_transport_spi aesni_intel mptscsih aes_x86_64 crypto_simd cryptd glue_helper psmouse mptbase e1000
[  342.992425] 	1-...!: (1 GPs behind) idle=d32/140000000000001/0 softirq=1114/1122 fqs=1 
[  343.003924] CPU: 1 PID: 272 Comm: modprobe Not tainted 4.15.0-212-generic #223-Ubuntu
[  343.010570] 	(detected by 0, t=84614 jiffies, g=-159, c=-160, q=190)
[  343.015825] Hardware name: innotek GmbH VirtualBox/VirtualBox, BIOS VirtualBox 12/01/2006
[  343.015838] RIP: 0010:raid6_sse21_gen_syndrome+0xba/0x130 [raid6_pq]
[  343.020196] Sending NMI from CPU 0 to CPUs 1:
[  343.026278] RSP: 0018:ffffa2c7c0387b50 EFLAGS: 00010283 ORIG_RAX: ffffffffffffff11
[  343.032888] NMI backtrace for cpu 1
[  343.032889] CPU: 1 PID: 272 Comm: modprobe Not tainted 4.15.0-212-generic #223-Ubuntu
[  343.032889] Hardware name: innotek GmbH VirtualBox/VirtualBox, BIOS VirtualBox 12/01/2006
[  343.032889] RIP: 0010:io_serial_out+0x1a/0x20
[  343.032890] RSP: 0018:ffff9727bfd03c10 EFLAGS: 00010002
[  343.032890] RAX: 000000000000005b RBX: ffffffffa0716e60 RCX: 0000000000000000
[  343.032890] RDX: 00000000000003f8 RSI: 0000000000000000 RDI: ffffffffa0716e60
[  343.032891] RBP: ffff9727bfd03c10 R08: 0000000000000000 R09: 0000000000000007
[  343.032891] R10: 0000000000000000 R11: ffffffffa056a80d R12: 000000000000005b
[  343.032891] R13: ffffffffa056a831 R14: ffffffffa056a801 R15: ffffffffa0716e60
[  343.032892] FS:  00007f2432bb4540(0000) GS:ffff9727bfd00000(0000) knlGS:0000000000000000
[  343.032892] CS:  0010 DS: 0000 ES: 0000 CR0: 0000000080050033
[  343.032892] CR2: 00007f200875a5a0 CR3: 0000000036418001 CR4: 00000000000206e0
[  343.032892] Call Trace:
[  343.032892]  <IRQ>
[  343.032893]  serial8250_console_putchar+0x2d/0x40
[  343.032893]  ? wait_for_xmitr+0xb0/0xb0
[  343.032893]  uart_console_write+0x4c/0x60
[  343.032893]  serial8250_console_write+0x10a/0x2a0
[  343.032893]  ? msg_print_text+0x80/0x100
[  343.032894]  univ8250_console_write+0x21/0x30
[  343.032894]  console_unlock+0x3cf/0x560
[  343.032894]  vprintk_emit+0x134/0x2c0
[  343.032894]  vprintk_default+0x29/0x50
[  343.032894]  vprintk_func+0x47/0xc0
[  343.032895]  ? printk+0x52/0x6e
[  343.032895]  printk+0x52/0x6e
[  343.032895]  __show_regs+0x3b/0x270
[  343.032895]  show_regs+0x41/0x190
[  343.032895]  watchdog_timer_fn+0x1db/0x230
[  343.032895]  ? watchdog+0x30/0x30
[  343.032896]  __hrtimer_run_queues+0xdf/0x230
[  343.032896]  hrtimer_interrupt+0x97/0x180
[  343.032896]  smp_apic_timer_interrupt+0x6f/0x140
[  343.032896]  apic_timer_interrupt+0x90/0xa0
[  343.032896]  </IRQ>
[  343.032897] RIP: 0010:raid6_sse21_gen_syndrome+0xba/0x130 [raid6_pq]
[  343.032897] RSP: 0018:ffffa2c7c0387b50 EFLAGS: 00010283 ORIG_RAX: ffffffffffffff11
[  343.032897] RAX: ffffa2c7c0387ba0 RBX: 0000000000001000 RCX: ffffffffc0418600
[  343.032898] RDX: 00000000000004b0 RSI: ffffa2c7c0387c18 RDI: 000000000000000d
[  343.032898] RBP: ffffa2c7c0387b80 R08: ffffa2c7c0387b98 R09: 00000000000004b0
[  343.032898] R10: ffffa2c7c0387c10 R11: ffffa2c7c0387c08 R12: ffff9727b9ad2000
[  343.032898] R13: ffff9727b9ad3000 R14: ffffa2c7c0387ba0 R15: 0000000000000080
[  343.032898]  init_module+0x118/0x1000 [raid6_pq]
[  343.032899]  ? 0xffffffffc042e000
[  343.032899]  do_one_initcall+0x52/0x1b0
[  343.032899]  ? _cond_resched+0x19/0x40
[  343.032899]  ? kmem_cache_alloc_trace+0x167/0x1d0
[  343.032899]  ? do_init_module+0x27/0x1f2
[  343.032900]  do_init_module+0x4f/0x1f2
[  343.032900]  load_module+0x1aa7/0x1fd0
[  343.032900]  ? ima_post_read_file+0x96/0xa0
[  343.032900]  SYSC_finit_module+0xfc/0x120
[  343.032900]  ? SYSC_finit_module+0xfc/0x120
[  343.032901]  SyS_finit_module+0xe/0x10
[  343.032901]  do_syscall_64+0x73/0x130
[  343.032901]  entry_SYSCALL_64_after_hwframe+0x59/0xbe
[  343.032901] RIP: 0033:0x7f24326b7539
[  343.032901] RSP: 002b:00007ffd98e06338 EFLAGS: 00000246 ORIG_RAX: 0000000000000139
[  343.032902] RAX: ffffffffffffffda RBX: 000055d24b33b880 RCX: 00007f24326b7539
[  343.032902] RDX: 0000000000000000 RSI: 000055d24ad78cee RDI: 0000000000000004
[  343.032902] RBP: 000055d24ad78cee R08: 0000000000000000 R09: 000055d24b33ae00
[  343.032902] R10: 0000000000000004 R11: 0000000000000246 R12: 0000000000000000
[  343.032903] R13: 000055d24b33b830 R14: 0000000000060000 R15: 000055d24b33ae00
[  343.032903] Code: 55 48 89 e5 d3 e6 01 f2 ec 0f b6 c0 5d c3 0f 1f 00 0f 1f 44 00 00 0f b6 8f a1 00 00 00 89 d0 8b 57 08 55 48 89 e5 d3 e6 01 f2 ee <5d> c3 0f 1f 40 00 0f 1f 44 00 00 0f b6 87 a2 00 00 00 55 48 c7 
[  343.032913] rcu_sched kthread starved for 84612 jiffies! g18446744073709551457 c18446744073709551456 f0x0 RCU_GP_WAIT_FQS(3) ->state=0x402 ->cpu=0
[  343.035456] RAX: ffffa2c7c0387ba0 RBX: 0000000000001000 RCX: ffffffffc0418600
[  343.041297] rcu_sched       I    0     8      2 0x80000000
[  343.044214] RDX: 00000000000004b0 RSI: ffffa2c7c0387c18 RDI: 000000000000000d
[  343.049313] Call Trace:
[  343.049323]  __schedule+0x24e/0x890
[  343.055742] RBP: ffffa2c7c0387b80 R08: ffffa2c7c0387b98 R09: 00000000000004b0
[  343.058619]  schedule+0x2c/0x80
[  343.062420] R10: ffffa2c7c0387c10 R11: ffffa2c7c0387c08 R12: ffff9727b9ad2000
[  343.067664]  schedule_timeout+0x15d/0x370
[  343.073151] R13: ffff9727b9ad3000 R14: ffffa2c7c0387ba0 R15: 0000000000000080
[  343.077700]  ? __next_timer_interrupt+0xe0/0xe0
[  343.082852] FS:  00007f2432bb4540(0000) GS:ffff9727bfd00000(0000) knlGS:0000000000000000
[  343.087500]  rcu_gp_kthread+0x53a/0x980
[  343.092915] CS:  0010 DS: 0000 ES: 0000 CR0: 0000000080050033
[  343.097454]  kthread+0x121/0x140
[  343.102456] CR2: 00007f200875a5a0 CR3: 0000000036418001 CR4: 00000000000206e0
[  343.104302]  ? rcu_note_context_switch+0x150/0x150
[  343.106216] Call Trace:
[  343.109300]  ? kthread_create_worker_on_cpu+0x70/0x70
[  343.112139]  init_module+0x118/0x1000 [raid6_pq]
[  343.114778]  ret_from_fork+0x1f/0x40
[  343.360586]  ? 0xffffffffc042e000
[  343.362935]  do_one_initcall+0x52/0x1b0
[  343.365579]  ? _cond_resched+0x19/0x40
[  343.368015]  ? kmem_cache_alloc_trace+0x167/0x1d0
[  343.370958]  ? do_init_module+0x27/0x1f2
[  343.373482]  do_init_module+0x4f/0x1f2
[  343.375945]  load_module+0x1aa7/0x1fd0
[  343.378515]  ? ima_post_read_file+0x96/0xa0
[  343.381188]  SYSC_finit_module+0xfc/0x120
[  343.383744]  ? SYSC_finit_module+0xfc/0x120
[  343.386449]  SyS_finit_module+0xe/0x10
[  343.388874]  do_syscall_64+0x73/0x130
[  343.391207]  entry_SYSCALL_64_after_hwframe+0x59/0xbe
[  343.394403] RIP: 0033:0x7f24326b7539
[  343.397385] RSP: 002b:00007ffd98e06338 EFLAGS: 00000246 ORIG_RAX: 0000000000000139
[  343.402364] RAX: ffffffffffffffda RBX: 000055d24b33b880 RCX: 00007f24326b7539
[  343.406790] RDX: 0000000000000000 RSI: 000055d24ad78cee RDI: 0000000000000004
[  343.411152] RBP: 000055d24ad78cee R08: 0000000000000000 R09: 000055d24b33ae00
[  343.415555] R10: 0000000000000004 R11: 0000000000000246 R12: 0000000000000000
[  343.420068] R13: 000055d24b33b830 R14: 0000000000060000 R15: 000055d24b33ae00
[  343.424425] Code: 10 66 0f 6f e2 49 8b 02 66 0f 6f 34 10 85 ff 78 37 4c 89 d8 48 8b 08 0f 18 04 11 66 0f 64 ec 66 0f fc e4 66 0f db e8 66 0f ef e5 <66> 0f ef ed 66 0f ef d6 66 0f ef e6 48 8b 08 66 0f 6f 34 11 48 
[  343.436529] raid6: sse2x1   gen() 135403560 MB/s
[  343.498069] raid6: sse2x1   xor() 13119 MB/s
[  343.560386] raid6: sse2x2   gen() 26245 MB/s
[  343.612167] raid6: sse2x2   xor() 13665 MB/s
[  343.664378] raid6: sse2x4   gen() 21520 MB/s
[  343.989180] raid6: sse2x4   xor() 88732 MB/s
[  343.992374] raid6: using algorithm sse2x1 gen() 135403560 MB/s
[  343.997083] raid6: .... xor() 13119 MB/s, rmw enabled
[  344.000746] raid6: using ssse3x2 recovery algorithm
[  344.006604] xor: measuring software checksum speed
[  344.048735]    prefetch64-sse: 24591.000 MB/sec
[  344.088325]    generic_sse: 22235.000 MB/sec
[  344.091056] xor: using function: prefetch64-sse (24591.000 MB/sec)
[  344.097850] async_tx: api initialized (async)
done.
Begin: Running /scripts/init-premount ... done.
Begin: Mounting root file system ... Begin: Running /scripts/local-top ... done.
Begin: Running /scripts/local-premount ... [  344.161643] Btrfs loaded, crc32c=crc32c-intel
Scanning for Btrfs filesystems
done.
Warning: fsck not present, so skipping root file system
[  344.210580] EXT4-fs (sda1): mounted filesystem with ordered data mode. Opts: (null)
done.
Begin: Running /scripts/local-bottom ... done.
Begin: Running /scripts/init-bottom ... done.
[  344.416427] ip_tables: (C) 2000-2006 Netfilter Core Team
[  344.432706] systemd[1]: systemd 237 running in system mode. (+PAM +AUDIT +SELINUX +IMA +APPARMOR +SMACK +SYSVINIT +UTMP +LIBCRYPTSETUP +GCRYPT +GNUTLS +ACL +XZ +LZ4 +SECCOMP +BLKID +ELFUTILS +KMOD -IDN2 +IDN -PCRE2 default-hierarchy=hybrid)
[  344.446000] systemd[1]: Detected virtualization oracle.
[  344.449372] systemd[1]: Detected architecture x86-64.

Welcome to [1mUbuntu 18.04.6 LTS[0m!

[  344.473665] systemd[1]: Set hostname to <ubuntu>.
[  344.480554] systemd[1]: Initializing machine ID from random generator.
[  344.484875] systemd[1]: Installed transient /etc/machine-id file.
[  344.769950] systemd[1]: Created slice System Slice.
[[0;32m  OK  [0m] Created slice System Slice.
[  344.776610] systemd[1]: Created slice system-serial\x2dgetty.slice.
[[0;32m  OK  [0m] Created slice system-serial\x2dgetty.slice.
[  344.783289] systemd[1]: Listening on Journal Socket (/dev/log).
[[0;32m  OK  [0m] Listening on Journal Socket (/dev/log).
[  344.790279] systemd[1]: Listening on /dev/initctl Compatibility Named Pipe.
[[0;32m  OK  [0m] Listening on /dev/initctl Compatibility Named Pipe.
[[0;32m  OK  [0m] Listening on LVM2 metadata daemon socket.
[[0;32m  OK  [0m] Listening on Journal Socket.
         Starting Set the console keyboard layout...
         Mounting POSIX Message Queue File System...
[[0;32m  OK  [0m] Started Forward Password Requests to Wall Directory Watch.
[[0;32m  OK  [0m] Listening on udev Kernel Socket.
         Starting Load Kernel Modules...
[[0;32m  OK  [0m] Reached target Mounting snaps.
[[0;32m  OK  [0m] Reached target Mounted snaps.
[[0;32m  OK  [0m] Listening on Device-mapper event daemon FIFOs.
         Starting Monitoring of LVM2 mirrors…ng dmeventd or progress polling...
[  344.849702] Loading iSCSI transport class v2.0-870.
[[0;32m  OK  [0m] Listening on Journal Audit Socket.
[[0;32m  OK  [0m] Created slice User and Session Slice.
         Mounting Huge Pages File System...
[[0;32m  OK  [0m] Reached target Swap.
[[0;32m  OK  [0m] Listening on udev Control Socket.
         Starting udev Coldplug all Devices...
[[0;32m  OK  [0m] Reached target Slices.
         Starting Uncomplicated firewall...
[[0;32m  OK  [0m] Listening on LVM2 poll daemon socket.
         Starting Create list of required st…ce nodes for the current kernel...
[[0;32m  OK  [0m] Listening on Network Service Netlink Socket.
[[0;32m  OK  [0m] Set up automount Arbitrary Executab…rmats File System Automount Point.
[  344.900119] iscsi: registered transport (tcp)
[  344.922698] iscsi: registered transport (iser)
[[0;32m  OK  [0m] Reached target System Time Synchronized.
         Mounting Kernel Debug File System...
[[0;32m  OK  [0m] Reached target User and Group Name Lookups.
[[0;32m  OK  [0m] Listening on fsck to fsckd communication Socket.
         Starting File System Check on Root Device...
[[0;32m  OK  [0m] Listening on Syslog Socket.
         Starting Journal Service...
[[0;32m  OK  [0m] Mounted POSIX Message Queue File System.
[[0;32m  OK  [0m] Started Load Kernel Modules.
[[0;32m  OK  [0m] Mounted Huge Pages File System.
[[0;32m  OK  [0m] Started Uncomplicated firewall.
[[0;32m  OK  [0m] Started Create list of required sta…vice nodes for the current kernel.
[[0;32m  OK  [0m] Mounted Kernel Debug File System.
[[0;32m  OK  [0m] Started File System Check Daemon to report status.
         Starting Create Static Device Nodes in /dev...
         Mounting FUSE Control File System...
         Starting Apply Kernel Variables...
         Mounting Kernel Configuration File System...
[[0;32m  OK  [0m] Mounted FUSE Control File System.
[[0;32m  OK  [0m] Mounted Kernel Configuration File System.
[[0;32m  OK  [0m] Started LVM2 metadata daemon.
[[0;32m  OK  [0m] Started Journal Service.
[[0;32m  OK  [0m] Started udev Coldplug all Devices.
[[0;32m  OK  [0m] Started Create Static Device Nodes in /dev.
[[0;32m  OK  [0m] Started File System Check on Root Device.
         Starting Remount Root and Kernel File Systems...
[[0;32m  OK  [0m] Started Apply Kernel Variables.
[[0;32m  OK  [0m] Started Remount Root and Kernel File Systems.
         Starting udev Kernel Device Manager...
         Starting Load/Save Random Seed...
         Starting Flush Journal to Persistent Storage...
[[0;32m  OK  [0m] Started Monitoring of LVM2 mirrors,…sing dmeventd or progress polling.
[[0;32m  OK  [0m] Started Load/Save Random Seed.
[[0;32m  OK  [0m] Started udev Kernel Device Manager.
[[0;32m  OK  [0m] Started Flush Journal to Persistent Storage.
[[0;32m  OK  [0m] Found device /dev/ttyS0.
[[0;32m  OK  [0m] Listening on Load/Save RF Kill Switch Status /dev/rfkill Watch.
[[0;32m  OK  [0m] Started Set the console keyboard layout.
[[0;32m  OK  [0m] Started Dispatch Password Requests to Console Directory Watch.
[[0;32m  OK  [0m] Reached target Local Encrypted Volumes.
[[0;32m  OK  [0m] Reached target Local File Systems (Pre).
[[0;32m  OK  [0m] Reached target Local File Systems.
         Starting ebtables ruleset management...
         Starting AppArmor initialization...
         Starting Commit a transient machine-id on disk...
         Starting Create Volatile Files and Directories...
         Starting Tell Plymouth To Write Out Runtime Data...
         Starting Set console font and keymap...
[[0;32m  OK  [0m] Started Tell Plymouth To Write Out Runtime Data.
[[0;32m  OK  [0m] Started Create Volatile Files and Directories.
         Starting Update UTMP about System Boot/Shutdown...
[[0;32m  OK  [0m] Started Update UTMP about System Boot/Shutdown.
[[0;32m  OK  [0m] Started Commit a transient machine-id on disk.
[[0;32m  OK  [0m] Started ebtables ruleset management.
         Mounting Arbitrary Executable File Formats File System...
[[0;32m  OK  [0m] Mounted Arbitrary Executable File Formats File System.
[[0;32m  OK  [0m] Started AppArmor initialization.
         Starting Load AppArmor profiles managed internally by snapd...
         Starting Initial cloud-init job (pre-networking)...
[[0;32m  OK  [0m] Started Load AppArmor profiles managed internally by snapd.
[[0;32m  OK  [0m] Started Set console font and keymap.
[  347.823561] cloud-init[783]: Cloud-init v. 23.1.2-0ubuntu0~18.04.1 running 'init-local' at Mon, 11 Nov 2024 01:33:04 +0000. Up 347.53 seconds.
[[0;32m  OK  [0m] Started Initial cloud-init job (pre-networking).
[[0;32m  OK  [0m] Reached target Network (Pre).
         Starting Network Service...
[[0;32m  OK  [0m] Started Network Service.
         Starting Wait for Network to be Configured...
         Starting Network Name Resolution...
[[0;32m  OK  [0m] Started Network Name Resolution.
[[0;32m  OK  [0m] Reached target Network.
[[0;32m  OK  [0m] Reached target Host and Network Name Lookups.
[[0;32m  OK  [0m] Started Wait for Network to be Configured.
         Starting Initial cloud-init job (metadata service crawler)...
[  349.571245] cloud-init[917]: Cloud-init v. 23.1.2-0ubuntu0~18.04.1 running 'init' at Mon, 11 Nov 2024 01:33:06 +0000. Up 349.46 seconds.
[  349.576539] cloud-init[917]: ci-info: ++++++++++++++++++++++++++++++++++++++Net device info++++++++++++++++++++++++++++++++++++++
[  349.580956] cloud-init[917]: ci-info: +--------+------+----------------------------+---------------+--------+-------------------+
[  349.585446] cloud-init[917]: ci-info: | Device |  Up  |          Address           |      Mask     | Scope  |     Hw-Address    |
[  349.589838] cloud-init[917]: ci-info: +--------+------+----------------------------+---------------+--------+-------------------+
[  349.594241] cloud-init[917]: ci-info: | enp0s3 | True |         10.0.2.15          | 255.255.255.0 | global | 02:3b:7b:b7:3b:2d |
[  349.599007] cloud-init[917]: ci-info: | enp0s3 | True | fd00::3b:7bff:feb7:3b2d/64 |       .       | global | 02:3b:7b:b7:3b:2d |
[  349.603487] cloud-init[917]: ci-info: | enp0s3 | True | fe80::3b:7bff:feb7:3b2d/64 |       .       |  link  | 02:3b:7b:b7:3b:2d |
[  349.607844] cloud-init[917]: ci-info: |   lo   | True |         127.0.0.1          |   255.0.0.0   |  host  |         .         |
[  349.612312] cloud-init[917]: ci-info: |   lo   | True |          ::1/128           |       .       |  host  |         .         |
[  349.616975] cloud-init[917]: ci-info: +--------+------+----------------------------+---------------+--------+-------------------+
[  349.621519] cloud-init[917]: ci-info: ++++++++++++++++++++++++++++Route IPv4 info+++++++++++++++++++++++++++++
[  349.625635] cloud-init[917]: ci-info: +-------+-------------+----------+-----------------+-----------+-------+
[  349.630224] cloud-init[917]: ci-info: | Route | Destination | Gateway  |     Genmask     | Interface | Flags |
[  349.634167] cloud-init[917]: ci-info: +-------+-------------+----------+-----------------+-----------+-------+
[  349.636728] cloud-init[917]: ci-info: |   0   |   0.0.0.0   | 10.0.2.2 |     0.0.0.0     |   enp0s3  |   UG  |
[  349.639067] cloud-init[917]: ci-info: |   1   |   10.0.2.0  | 0.0.0.0  |  255.255.255.0  |   enp0s3  |   U   |
[  349.641505] cloud-init[917]: ci-info: |   2   |   10.0.2.2  | 0.0.0.0  | 255.255.255.255 |   enp0s3  |   UH  |
[  349.643811] cloud-init[917]: ci-info: +-------+-------------+----------+-----------------+-----------+-------+
[  349.646212] cloud-init[917]: ci-info: +++++++++++++++++++Route IPv6 info+++++++++++++++++++
[  349.648245] cloud-init[917]: ci-info: +-------+-------------+---------+-----------+-------+
[  349.650174] cloud-init[917]: ci-info: | Route | Destination | Gateway | Interface | Flags |
[  349.652211] cloud-init[917]: ci-info: +-------+-------------+---------+-----------+-------+
[  349.654227] cloud-init[917]: ci-info: |   1   |  fd00::/64  |    ::   |   enp0s3  |   U   |
[  349.656431] cloud-init[917]: ci-info: |   2   |  fe80::/64  |    ::   |   enp0s3  |   U   |
[  349.658417] cloud-init[917]: ci-info: |   3   |     ::/0    | fe80::2 |   enp0s3  |   UG  |
[  349.660372] cloud-init[917]: ci-info: |   5   |    local    |    ::   |   enp0s3  |   U   |
[  349.662418] cloud-init[917]: ci-info: |   6   |   ff00::/8  |    ::   |   enp0s3  |   U   |
[  349.665571] cloud-init[917]: ci-info: +-------+-------------+---------+-----------+-------+
[  350.696180] cloud-init[917]: Generating public/private rsa key pair.
[  350.698440] cloud-init[917]: Your identification has been saved in /etc/ssh/ssh_host_rsa_key.
[  350.700745] cloud-init[917]: Your public key has been saved in /etc/ssh/ssh_host_rsa_key.pub.
[  350.703143] cloud-init[917]: The key fingerprint is:
[  350.704887] cloud-init[917]: SHA256:14WlfJW6lbiUC77PGHzHYStTpchm3Z3XMeLMgkh82zU root@ubuntu-bionic
[  350.707635] cloud-init[917]: The key's randomart image is:
[  350.709080] cloud-init[917]: +---[RSA 2048]----+
[  350.710443] cloud-init[917]: |              . o|
[  350.711813] cloud-init[917]: |      .    . + o |
[  350.713036] cloud-init[917]: |       o .  +E*oo|
[  350.714288] cloud-init[917]: |      . o ++=Xo=B|
[  350.715773] cloud-init[917]: |       .SoooO+B==|
[  350.717150] cloud-init[917]: |         ..+.++ +|
[  350.718419] cloud-init[917]: |           o.+ + |
[  350.719771] cloud-init[917]: |           .= +  |
[  350.720983] cloud-init[917]: |           ..o   |
[  350.722206] cloud-init[917]: +----[SHA256]-----+
[  350.723408] cloud-init[917]: Generating public/private dsa key pair.
[  350.725029] cloud-init[917]: Your identification has been saved in /etc/ssh/ssh_host_dsa_key.
[  350.727171] cloud-init[917]: Your public key has been saved in /etc/ssh/ssh_host_dsa_key.pub.
[  350.729959] cloud-init[917]: The key fingerprint is:
[  350.731583] cloud-init[917]: SHA256:cgJHeMR9IlTOhdylEmSRTortKkI0P3f05Q6TQYUrkHk root@ubuntu-bionic
[  350.734472] cloud-init[917]: The key's randomart image is:
[  350.736417] cloud-init[917]: +---[DSA 1024]----+
[  350.737828] cloud-init[917]: |     =*=*=+o.    |
[  350.739053] cloud-init[917]: |    .=+EB=o.     |
[  350.740312] cloud-init[917]: |    .++==oo      |
[  350.741475] cloud-init[917]: | o  .ooo.+ .     |
[  350.742706] cloud-init[917]: |. o  .+ S =      |
[  350.743921] cloud-init[917]: | . o ..= = .     |
[  350.745312] cloud-init[917]: |.   o..   +      |
[  350.746572] cloud-init[917]: |. . .      .     |
[  350.747775] cloud-init[917]: | . .             |
[  350.749198] cloud-init[917]: +----[SHA256]-----+
[  350.750392] cloud-init[917]: Generating public/private ecdsa key pair.
[  350.752254] cloud-init[917]: Your identification has been saved in /etc/ssh/ssh_host_ecdsa_key.
[  350.754433] cloud-init[917]: Your public key has been saved in /etc/ssh/ssh_host_ecdsa_key.pub.
[  350.756652] cloud-init[917]: The key fingerprint is:
[  350.758016] cloud-init[917]: SHA256:GLD2UpzD6o6uz2SUTe2/Kj1pSFoJqhd17JNYLO0sw2k root@ubuntu-bionic
[  350.760247] cloud-init[917]: The key's randomart image is:
[  350.761601] cloud-init[917]: +---[ECDSA 256]---+
[  350.763286] cloud-init[917]: |    .            |
[  350.764781] cloud-init[917]: |     * .         |
[  350.766171] cloud-init[917]: |    ++O          |
[  350.767440] cloud-init[917]: |  .=o=*+         |
[  350.769470] cloud-init[917]: | .o++@+.S        |
[  350.770822] cloud-init[917]: |....E.*.         |
[  350.772295] cloud-init[917]: |. o*.= o.        |
[  350.773664] cloud-init[917]: |.+ooo =  .       |
[  350.775173] cloud-init[917]: |.== .o.o.        |
[  350.776613] cloud-init[917]: +----[SHA256]-----+
[  350.777794] cloud-init[917]: Generating public/private ed25519 key pair.
[  350.779436] cloud-init[917]: Your identification has been saved in /etc/ssh/ssh_host_ed25519_key.
[  350.781595] cloud-init[917]: Your public key has been saved in /etc/ssh/ssh_host_ed25519_key.pub.
[  350.783710] cloud-init[917]: The key fingerprint is:
[  350.784981] cloud-init[917]: SHA256:3rP+K1+S+k0rE5oXSSq6EgRixexr8uBiTkuhYtcnIRc root@ubuntu-bionic
[  350.787294] cloud-init[917]: The key's randomart image is:
[  350.788951] cloud-init[917]: +--[ED25519 256]--+
[  350.790132] cloud-init[917]: |  +.             |
[  350.791331] cloud-init[917]: |...o             |
[  350.792607] cloud-init[917]: |.... E           |
[  350.793766] cloud-init[917]: |   .. .     .    |
[  350.795170] cloud-init[917]: | . o.o  S  o .   |
[  350.796701] cloud-init[917]: |.o.o= ..... +.   |
[  350.798192] cloud-init[917]: |++=. + o..ooooo  |
[  350.799445] cloud-init[917]: |*oo.. +   +++= . |
[  350.800766] cloud-init[917]: |+o   ... .+*=+o  |
[  350.802124] cloud-init[917]: +----[SHA256]-----+
[[0;32m  OK  [0m] Started Initial cloud-init job (metadata service crawler).
[[0;32m  OK  [0m] Reached target System Initialization.
         Starting LXD - unix socket.
[[0;32m  OK  [0m] Listening on UUID daemon activation socket.
[[0;32m  OK  [0m] Started Daily Cleanup of Temporary Directories.
[[0;32m  OK  [0m] Started ACPI Events Check.
[[0;32m  OK  [0m] Listening on D-Bus System Message Bus Socket.
[[0;32m  OK  [0m] Started Message of the Day.
[[0;32m  OK  [0m] Listening on cloud-init hotplug hook socket.
[[0;32m  OK  [0m] Listening on Open-iSCSI iscsid Socket.
[[0;32m  OK  [0m] Reached target Paths.
[[0;32m  OK  [0m] Started Daily apt download activities.
[[0;32m  OK  [0m] Started Daily apt upgrade and clean activities.
         Starting Socket activation for snappy daemon.
[[0;32m  OK  [0m] Started Discard unused blocks once a week.
[[0;32m  OK  [0m] Started Ubuntu Advantage Timer for running repeated jobs.
[[0;32m  OK  [0m] Reached target Timers.
[[0;32m  OK  [0m] Listening on ACPID Listen Socket.
[[0;32m  OK  [0m] Reached target Network is Online.
[[0;32m  OK  [0m] Reached target Remote File Systems (Pre).
[[0;32m  OK  [0m] Reached target Remote File Systems.
         Starting Availability of block devices...
[[0;32m  OK  [0m] Reached target Cloud-config availability.
[[0;32m  OK  [0m] Listening on LXD - unix socket.
[[0;32m  OK  [0m] Listening on Socket activation for snappy daemon.
[[0;32m  OK  [0m] Started Availability of block devices.
[[0;32m  OK  [0m] Reached target Sockets.
[[0;32m  OK  [0m] Reached target Basic System.
[[0;32m  OK  [0m] Started FUSE filesystem for LXC.
[[0;32m  OK  [0m] Started Regular background program processing daemon.
[[0;32m  OK  [0m] Started D-Bus System Message Bus.
         Starting Login Service...
         Starting Virtualbox guest utils...
         Starting LXD - container startup/shutdown...
[[0;32m  OK  [0m] Started irqbalance daemon.
         Starting Dispatcher daemon for systemd-networkd...
         Starting Accounts Service...
[[0;32m  OK  [0m] Reached target Login Prompts (Pre).
         Starting LSB: Record successful boot for GRUB...
[[0;32m  OK  [0m] Started Deferred execution scheduler.
         Starting Snap Daemon...
         Starting System Logging Service...
         Starting Permit User Sessions...
         Starting LSB: automatic crash report generation...
         Starting Pollinate to seed the pseudo random number generator...
[[0;32m  OK  [0m] Started System Logging Service.
[[0;32m  OK  [0m] Started Permit User Sessions.
[[0;32m  OK  [0m] Started Login Service.
[[0;32m  OK  [0m] Started LSB: automatic crash report generation.
         Starting Authorization Manager...
[[0;32m  OK  [0m] Started Unattended Upgrades Shutdown.
         Starting Hostname Service...
         Starting Terminate Plymouth Boot Screen...
         Starting Hold until boot process finishes up...
[[0;32m  OK  [0m] Started Dispatcher daemon for systemd-networkd.
[[0;32m  OK  [0m] Started Hold until boot process finishes up.
[[0;32m  OK  [0m] Started Serial Getty on ttyS0.
         Starting Set console scheme...
[[0;32m  OK  [0m] Started Terminate Plymouth Boot Screen.
[[0;32m  OK  [0m] Started LSB: Record successful boot for GRUB.
[[0;32m  OK  [0m] Started Set console scheme.
[[0;32m  OK  [0m] Created slice system-getty.slice.
[[0;32m  OK  [0m] Started Getty on tty1.
[[0;32m  OK  [0m] Reached target Login Prompts.
[[0;32m  OK  [0m] Started Authorization Manager.
[[0;32m  OK  [0m] Started Accounts Service.
[[0;32m  OK  [0m] Started Hostname Service.
[[0;32m  OK  [0m] Started Virtualbox guest utils.
[[0;32m  OK  [0m] Started LXD - container startup/shutdown.
[[0;32m  OK  [0m] Started Snap Daemon.
         Starting Wait until snapd is fully seeded...
[[0;32m  OK  [0m] Started Pollinate to seed the pseudo random number generator.
         Starting OpenBSD Secure Shell server...
[[0;32m  OK  [0m] Started OpenBSD Secure Shell server.
         Starting Time & Date Service...
[[0;32m  OK  [0m] Started Time & Date Service.
[[0;32m  OK  [0m] Started Wait until snapd is fully seeded.
         Starting Apply the settings specified in cloud-config...
[  355.492741] cloud-init[1481]: Cloud-init v. 23.1.2-0ubuntu0~18.04.1 running 'modules:config' at Mon, 11 Nov 2024 01:33:12 +0000. Up 355.12 seconds.
[[0;32m  OK  [0m] Started Apply the settings specified in cloud-config.
[[0;32m  OK  [0m] Reached target Multi-User System.
[[0;32m  OK  [0m] Reached target Graphical Interface.
         Starting Update UTMP about System Runlevel Changes...
         Starting Execute cloud user/final scripts...
[[0;32m  OK  [0m] Started Update UTMP about System Runlevel Changes.
ci-info: no authorized SSH keys fingerprints found for user ubuntu.
<14>Nov 11 01:33:12 cloud-init: #############################################################
<14>Nov 11 01:33:12 cloud-init: -----BEGIN SSH HOST KEY FINGERPRINTS-----
<14>Nov 11 01:33:12 cloud-init: 1024 SHA256:cgJHeMR9IlTOhdylEmSRTortKkI0P3f05Q6TQYUrkHk root@ubuntu-bionic (DSA)
<14>Nov 11 01:33:12 cloud-init: 256 SHA256:GLD2UpzD6o6uz2SUTe2/Kj1pSFoJqhd17JNYLO0sw2k root@ubuntu-bionic (ECDSA)
<14>Nov 11 01:33:12 cloud-init: 256 SHA256:3rP+K1+S+k0rE5oXSSq6EgRixexr8uBiTkuhYtcnIRc root@ubuntu-bionic (ED25519)
<14>Nov 11 01:33:12 cloud-init: 2048 SHA256:14WlfJW6lbiUC77PGHzHYStTpchm3Z3XMeLMgkh82zU root@ubuntu-bionic (RSA)
<14>Nov 11 01:33:12 cloud-init: -----END SSH HOST KEY FINGERPRINTS-----
<14>Nov 11 01:33:12 cloud-init: #############################################################
-----BEGIN SSH HOST KEY KEYS-----
ecdsa-sha2-nistp256 AAAAE2VjZHNhLXNoYTItbmlzdHAyNTYAAAAIbmlzdHAyNTYAAABBBGxP08v78tGGEa3wCF1cIUQcZ3AuwmjXNdwsR3gKDGMzkzxMEX1HMjgbCcvXhCQDvJSXkD7OFyprdoDceuviKuw= root@ubuntu-bionic
ssh-ed25519 AAAAC3NzaC1lZDI1NTE5AAAAIDfM9BBgu0k/0RSixbU/zJmu8Hl87lUNn0/GpGnhFufh root@ubuntu-bionic
ssh-rsa AAAAB3NzaC1yc2EAAAADAQABAAABAQC4S5dWUZpz5QITmQxr57NJcqTqFUAkWuWASxZNDUy/rwrGQCpoa0v8wG16qKr4njybrYK9LZdT7g6pINMo3DZ5r1rmlsoy+8+llRYsR77llrBlaZBf5CoLU/0GSEPwDe8LK7YqrYq78gpHqS3VeulU300wCobxEWXB8sM90TnVI6Cj6ybodbk7xI1hn1T0iHvMDJDZjvyibbUX7iFz4NJ3DPzraOZDVocJrvmuo76ELbZa93ECJz9DXzebP0e3w/KapjFJQt+JQCKhm3lXEvxUhg4Xf3IltGnRrAuaMnR0oxKBC+wso6gx8SvxA5T5GdUxd2OtbOvvA5vzRHvyjsmf root@ubuntu-bionic
-----END SSH HOST KEY KEYS-----
[  356.001880] cloud-init[1540]: Cloud-init v. 23.1.2-0ubuntu0~18.04.1 running 'modules:final' at Mon, 11 Nov 2024 01:33:12 +0000. Up 355.83 seconds.
[  356.005131] cloud-init[1540]: Cloud-init v. 23.1.2-0ubuntu0~18.04.1 finished at Mon, 11 Nov 2024 01:33:13 +0000. Datasource DataSourceNoCloud [seed=/dev/sdb][dsmode=net].  Up 355.99 seconds
[[0;32m  OK  [0m] Started Execute cloud user/final scripts.
[[0;32m  OK  [0m] Reached target Cloud-init target.

Ubuntu 18.04.6 LTS ubuntu-bionic ttyS0

ubuntu-bionic login: 